TN:
SF:controllers/buda.js
FN:5,(anonymous_0)
FN:23,(anonymous_1)
FN:40,(anonymous_2)
FNF:3
FNH:3
FNDA:3,(anonymous_0)
FNDA:5,(anonymous_1)
FNDA:7,(anonymous_2)
DA:1,2
DA:2,2
DA:3,2
DA:5,2
DA:6,3
DA:8,3
DA:9,3
DA:10,2
DA:16,1
DA:23,2
DA:24,5
DA:26,5
DA:27,5
DA:28,4
DA:33,1
DA:40,2
DA:41,7
DA:43,7
DA:44,7
DA:45,7
DA:46,6
DA:55,1
DA:62,2
LF:23
LH:23
BRDA:5,0,0,0
BRDA:23,1,0,0
BRDA:40,2,0,0
BRDA:44,3,0,5
BRDA:44,3,1,2
BRF:5
BRH:2
end_of_record
TN:
SF:helpers/getInvoice.js
FN:1,(anonymous_0)
FN:9,(anonymous_1)
FNF:2
FNH:2
FNDA:6,(anonymous_0)
FNDA:5,(anonymous_1)
DA:1,3
DA:2,6
DA:3,6
DA:4,6
DA:5,6
DA:7,6
DA:10,5
DA:11,5
DA:15,3
LF:9
LH:9
BRF:0
BRH:0
end_of_record
TN:
SF:helpers/getPaymentConfirmation.js
FN:1,(anonymous_0)
FN:7,(anonymous_1)
FN:9,(anonymous_2)
FNF:3
FNH:3
FNDA:7,(anonymous_0)
FNDA:6,(anonymous_1)
FNDA:4,(anonymous_2)
DA:1,3
DA:2,7
DA:3,7
DA:4,7
DA:5,7
DA:7,7
DA:8,6
DA:10,4
DA:14,6
DA:18,3
LF:10
LH:10
BRDA:10,0,0,4
BRDA:10,0,1,3
BRF:2
BRH:2
end_of_record
TN:
SF:middlewares/fields-validator.js
FN:4,(anonymous_0)
FNF:1
FNH:1
FNDA:16,(anonymous_0)
DA:1,2
DA:2,2
DA:4,2
DA:5,16
DA:7,16
DA:8,10
DA:14,6
DA:17,2
LF:8
LH:8
BRDA:4,0,0,0
BRDA:7,1,0,10
BRDA:7,1,1,6
BRF:3
BRH:2
end_of_record
TN:
SF:routes/buda.js
FNF:0
FNH:0
DA:1,1
DA:2,1
DA:3,1
DA:4,1
DA:9,1
DA:11,1
DA:24,1
DA:31,1
DA:43,1
LF:9
LH:9
BRF:0
BRH:0
end_of_record
